<?xml version="1.0" encoding="UTF-8"?>
<robot generator="Robot 3.1.1 (Python 3.7.3 on win32)" generated="20190520 19:47:51.205" rpa="false">
<suite id="s1" name="TestSuite2" source="C:\Users\rmax6\eclipse-workspace\Marina first robot project\test\TestSuite2.robot">
<kw name="Log" library="BuiltIn" type="setup">
<doc>Logs the given message with the given level.</doc>
<arguments>
<arg>I'm inside TestSuit setup</arg>
</arguments>
<msg timestamp="20190520 19:47:51.575" level="INFO">I'm inside TestSuit setup</msg>
<status status="PASS" starttime="20190520 19:47:51.575" endtime="20190520 19:47:51.575"></status>
</kw>
<test id="s1-t1" name="MySecondTest">
<kw name="Log" library="BuiltIn" type="setup">
<doc>Logs the given message with the given level.</doc>
<arguments>
<arg>I'm inside TestCase setup</arg>
</arguments>
<msg timestamp="20190520 19:47:51.577" level="INFO">I'm inside TestCase setup</msg>
<status status="PASS" starttime="20190520 19:47:51.577" endtime="20190520 19:47:51.577"></status>
</kw>
<kw name="Set Tags" library="BuiltIn">
<doc>Adds given ``tags`` for the current test or all tests in a suite.</doc>
<arguments>
<arg>regression</arg>
</arguments>
<msg timestamp="20190520 19:47:51.578" level="INFO">Set tag 'regression'.</msg>
<status status="PASS" starttime="20190520 19:47:51.578" endtime="20190520 19:47:51.578"></status>
</kw>
<kw name="Log" library="BuiltIn">
<doc>Logs the given message with the given level.</doc>
<arguments>
<arg>Second Marina's test.</arg>
</arguments>
<msg timestamp="20190520 19:47:51.579" level="INFO">Second Marina's test.</msg>
<status status="PASS" starttime="20190520 19:47:51.579" endtime="20190520 19:47:51.579"></status>
</kw>
<kw name="Log" library="BuiltIn" type="teardown">
<doc>Logs the given message with the given level.</doc>
<arguments>
<arg>I'm inside TestCase teardown</arg>
</arguments>
<msg timestamp="20190520 19:47:51.582" level="INFO">I'm inside TestCase teardown</msg>
<status status="PASS" starttime="20190520 19:47:51.581" endtime="20190520 19:47:51.582"></status>
</kw>
<tags>
<tag>regression</tag>
<tag>sanity</tag>
</tags>
<status status="PASS" starttime="20190520 19:47:51.576" endtime="20190520 19:47:51.582" critical="yes"></status>
</test>
<test id="s1-t2" name="MyThirdTest">
<kw name="Log" library="BuiltIn" type="setup">
<doc>Logs the given message with the given level.</doc>
<arguments>
<arg>I'm inside TestCase setup</arg>
</arguments>
<msg timestamp="20190520 19:47:51.587" level="INFO">I'm inside TestCase setup</msg>
<status status="PASS" starttime="20190520 19:47:51.587" endtime="20190520 19:47:51.587"></status>
</kw>
<kw name="Log" library="BuiltIn">
<doc>Logs the given message with the given level.</doc>
<arguments>
<arg>Third Marina's test.</arg>
</arguments>
<msg timestamp="20190520 19:47:51.588" level="INFO">Third Marina's test.</msg>
<status status="PASS" starttime="20190520 19:47:51.588" endtime="20190520 19:47:51.588"></status>
</kw>
<kw name="Log" library="BuiltIn" type="teardown">
<doc>Logs the given message with the given level.</doc>
<arguments>
<arg>I'm inside TestCase teardown</arg>
</arguments>
<msg timestamp="20190520 19:47:51.589" level="INFO">I'm inside TestCase teardown</msg>
<status status="PASS" starttime="20190520 19:47:51.589" endtime="20190520 19:47:51.589"></status>
</kw>
<tags>
<tag>sanity</tag>
</tags>
<status status="PASS" starttime="20190520 19:47:51.584" endtime="20190520 19:47:51.590" critical="yes"></status>
</test>
<test id="s1-t3" name="FirstSeleniumTest">
<kw name="Log" library="BuiltIn" type="setup">
<doc>Logs the given message with the given level.</doc>
<arguments>
<arg>I'm inside TestCase setup</arg>
</arguments>
<msg timestamp="20190520 19:47:51.594" level="INFO">I'm inside TestCase setup</msg>
<status status="PASS" starttime="20190520 19:47:51.594" endtime="20190520 19:47:51.594"></status>
</kw>
<kw name="Open Browser" library="SeleniumLibrary">
<doc>Opens a new browser instance to the given ``url``.</doc>
<arguments>
<arg>https://google.com</arg>
<arg>chrome</arg>
</arguments>
<msg timestamp="20190520 19:47:51.595" level="INFO">Opening browser 'chrome' to base url 'https://google.com'.</msg>
<status status="PASS" starttime="20190520 19:47:51.595" endtime="20190520 19:47:55.000"></status>
</kw>
<kw name="Set Browser Implicit Wait" library="SeleniumLibrary">
<doc>Sets the implicit wait value used by Selenium.</doc>
<arguments>
<arg>5</arg>
</arguments>
<status status="PASS" starttime="20190520 19:47:55.000" endtime="20190520 19:47:55.003"></status>
</kw>
<kw name="Input Text" library="SeleniumLibrary">
<doc>Types the given ``text`` into text field identified by ``locator``.</doc>
<arguments>
<arg>name=q</arg>
<arg>Automation step by step</arg>
</arguments>
<msg timestamp="20190520 19:47:55.004" level="INFO">Typing text 'Automation step by step' into text field 'name=q'.</msg>
<status status="PASS" starttime="20190520 19:47:55.003" endtime="20190520 19:47:55.191"></status>
</kw>
<kw name="Press Keys" library="SeleniumLibrary">
<doc>Simulates user pressing key(s) to an element or on the active browser.</doc>
<arguments>
<arg>name=q</arg>
<arg>ESCAPE</arg>
</arguments>
<msg timestamp="20190520 19:47:55.192" level="INFO">Sending key(s) ('ESCAPE',) to name=q element.</msg>
<msg timestamp="20190520 19:47:55.200" level="INFO">Pressing special key ESCAPE to element.</msg>
<status status="PASS" starttime="20190520 19:47:55.192" endtime="20190520 19:47:55.222"></status>
</kw>
<kw name="Click Button" library="SeleniumLibrary">
<doc>Clicks button identified by ``locator``.</doc>
<arguments>
<arg>name=btnK</arg>
</arguments>
<msg timestamp="20190520 19:47:55.222" level="INFO">Clicking button 'name=btnK'.</msg>
<status status="PASS" starttime="20190520 19:47:55.222" endtime="20190520 19:47:56.378"></status>
</kw>
<kw name="Sleep" library="BuiltIn">
<doc>Pauses the test executed for the given time.</doc>
<arguments>
<arg>4</arg>
</arguments>
<msg timestamp="20190520 19:48:00.381" level="INFO">Slept 4 seconds</msg>
<status status="PASS" starttime="20190520 19:47:56.379" endtime="20190520 19:48:00.381"></status>
</kw>
<kw name="Close Browser" library="SeleniumLibrary">
<doc>Closes the current browser.</doc>
<status status="PASS" starttime="20190520 19:48:00.381" endtime="20190520 19:48:02.521"></status>
</kw>
<kw name="Log" library="BuiltIn">
<doc>Logs the given message with the given level.</doc>
<arguments>
<arg>Test completed</arg>
</arguments>
<msg timestamp="20190520 19:48:02.522" level="INFO">Test completed</msg>
<status status="PASS" starttime="20190520 19:48:02.522" endtime="20190520 19:48:02.522"></status>
</kw>
<kw name="Log" library="BuiltIn" type="teardown">
<doc>Logs the given message with the given level.</doc>
<arguments>
<arg>I'm inside TestCase teardown</arg>
</arguments>
<msg timestamp="20190520 19:48:02.524" level="INFO">I'm inside TestCase teardown</msg>
<status status="PASS" starttime="20190520 19:48:02.523" endtime="20190520 19:48:02.524"></status>
</kw>
<tags>
<tag>sanity</tag>
</tags>
<status status="PASS" starttime="20190520 19:47:51.592" endtime="20190520 19:48:02.524" critical="yes"></status>
</test>
<test id="s1-t4" name="SampleLoginTest">
<kw name="Log" library="BuiltIn" type="setup">
<doc>Logs the given message with the given level.</doc>
<arguments>
<arg>I'm inside TestCase setup</arg>
</arguments>
<msg timestamp="20190520 19:48:02.528" level="INFO">I'm inside TestCase setup</msg>
<status status="PASS" starttime="20190520 19:48:02.527" endtime="20190520 19:48:02.528"></status>
</kw>
<kw name="Open Browser" library="SeleniumLibrary">
<doc>Opens a new browser instance to the given ``url``.</doc>
<arguments>
<arg>${URL}</arg>
<arg>chrome</arg>
</arguments>
<msg timestamp="20190520 19:48:02.529" level="INFO">Opening browser 'chrome' to base url 'https://opensource-demo.orangehrmlive.com/'.</msg>
<status status="PASS" starttime="20190520 19:48:02.529" endtime="20190520 19:48:05.312"></status>
</kw>
<kw name="Set Browser Implicit Wait" library="SeleniumLibrary">
<doc>Sets the implicit wait value used by Selenium.</doc>
<arguments>
<arg>5</arg>
</arguments>
<status status="PASS" starttime="20190520 19:48:05.313" endtime="20190520 19:48:05.314"></status>
</kw>
<kw name="LoginKW">
<kw name="Input Text" library="SeleniumLibrary">
<doc>Types the given ``text`` into text field identified by ``locator``.</doc>
<arguments>
<arg>id=txtUsername</arg>
<arg>@{CREDENTIALS}[0]</arg>
</arguments>
<msg timestamp="20190520 19:48:05.315" level="INFO">Typing text 'Admin' into text field 'id=txtUsername'.</msg>
<status status="PASS" starttime="20190520 19:48:05.315" endtime="20190520 19:48:05.391"></status>
</kw>
<kw name="Input Password" library="SeleniumLibrary">
<doc>Types the given password into text field identified by ``locator``.</doc>
<arguments>
<arg>id=txtPassword</arg>
<arg>&amp;{LOGINDATA}[password]</arg>
</arguments>
<msg timestamp="20190520 19:48:05.391" level="INFO">Typing password into text field 'id=txtPassword'.</msg>
<status status="PASS" starttime="20190520 19:48:05.391" endtime="20190520 19:48:05.476"></status>
</kw>
<kw name="Click Button" library="SeleniumLibrary">
<doc>Clicks button identified by ``locator``.</doc>
<arguments>
<arg>id=btnLogin</arg>
</arguments>
<msg timestamp="20190520 19:48:05.476" level="INFO">Clicking button 'id=btnLogin'.</msg>
<status status="PASS" starttime="20190520 19:48:05.476" endtime="20190520 19:48:06.120"></status>
</kw>
<status status="PASS" starttime="20190520 19:48:05.315" endtime="20190520 19:48:06.121"></status>
</kw>
<kw name="Click Element" library="SeleniumLibrary">
<doc>Click element identified by ``locator``.</doc>
<arguments>
<arg>id=welcome</arg>
</arguments>
<msg timestamp="20190520 19:48:06.122" level="INFO">Clicking element 'id=welcome'.</msg>
<status status="PASS" starttime="20190520 19:48:06.121" endtime="20190520 19:48:06.186"></status>
</kw>
<kw name="Click Element" library="SeleniumLibrary">
<doc>Click element identified by ``locator``.</doc>
<arguments>
<arg>link=Logout</arg>
</arguments>
<msg timestamp="20190520 19:48:06.186" level="INFO">Clicking element 'link=Logout'.</msg>
<status status="PASS" starttime="20190520 19:48:06.186" endtime="20190520 19:48:06.765"></status>
</kw>
<kw name="Close Browser" library="SeleniumLibrary">
<doc>Closes the current browser.</doc>
<status status="PASS" starttime="20190520 19:48:06.766" endtime="20190520 19:48:08.905"></status>
</kw>
<kw name="Log" library="BuiltIn">
<doc>Logs the given message with the given level.</doc>
<arguments>
<arg>Test completed</arg>
</arguments>
<msg timestamp="20190520 19:48:08.907" level="INFO">Test completed</msg>
<status status="PASS" starttime="20190520 19:48:08.906" endtime="20190520 19:48:08.907"></status>
</kw>
<kw name="Log" library="BuiltIn">
<doc>Logs the given message with the given level.</doc>
<arguments>
<arg>This test was executed by %{username} on %{os}</arg>
</arguments>
<msg timestamp="20190520 19:48:08.909" level="INFO">This test was executed by rmax6 on Windows_NT</msg>
<status status="PASS" starttime="20190520 19:48:08.908" endtime="20190520 19:48:08.909"></status>
</kw>
<kw name="Log" library="BuiltIn" type="teardown">
<doc>Logs the given message with the given level.</doc>
<arguments>
<arg>I'm inside TestCase teardown</arg>
</arguments>
<msg timestamp="20190520 19:48:08.912" level="INFO">I'm inside TestCase teardown</msg>
<status status="PASS" starttime="20190520 19:48:08.911" endtime="20190520 19:48:08.912"></status>
</kw>
<doc>This is a sample login test</doc>
<tags>
<tag>sanity</tag>
</tags>
<status status="PASS" starttime="20190520 19:48:02.527" endtime="20190520 19:48:08.913" critical="yes"></status>
</test>
<kw name="Log" library="BuiltIn" type="teardown">
<doc>Logs the given message with the given level.</doc>
<arguments>
<arg>I'm inside TestSuit teardown</arg>
</arguments>
<msg timestamp="20190520 19:48:08.920" level="INFO">I'm inside TestSuit teardown</msg>
<status status="PASS" starttime="20190520 19:48:08.919" endtime="20190520 19:48:08.920"></status>
</kw>
<status status="PASS" starttime="20190520 19:47:51.206" endtime="20190520 19:48:08.920"></status>
</suite>
<statistics>
<total>
<stat pass="4" fail="0">Critical Tests</stat>
<stat pass="4" fail="0">All Tests</stat>
</total>
<tag>
<stat pass="1" fail="0">regression</stat>
<stat pass="4" fail="0">sanity</stat>
</tag>
<suite>
<stat pass="4" fail="0" id="s1" name="TestSuite2">TestSuite2</stat>
</suite>
</statistics>
<errors>
</errors>
</robot>
